2013/06/13 20:46:42 [error] [php] Undefined index: User (/Users/Jeff/Sites/yii/geo/protected/modules/user/controllers/ProfileController.php:42)
Stack trace:
#0 /Users/Jeff/Sites/yii/framework/web/CController.php(286): ProfileController->runAction()
#1 /Users/Jeff/Sites/yii/framework/web/CController.php(265): ProfileController->runActionWithFilters()
#2 /Users/Jeff/Sites/yii/framework/web/CWebApplication.php(282): ProfileController->run()
#3 /Users/Jeff/Sites/yii/framework/web/CWebApplication.php(141): CWebApplication->runController()
#4 /Users/Jeff/Sites/yii/framework/base/CApplication.php(169): CWebApplication->processRequest()
#5 /Users/Jeff/Sites/yii/geo/index.php(9): CWebApplication->run()
REQUEST_URI=/yii/geo/user/profile/edit
2013/06/13 20:46:51 [error] [php] Undefined index: User (/Users/Jeff/Sites/yii/geo/protected/modules/user/controllers/ProfileController.php:42)
Stack trace:
#0 /Users/Jeff/Sites/yii/framework/web/CController.php(286): ProfileController->runAction()
#1 /Users/Jeff/Sites/yii/framework/web/CController.php(265): ProfileController->runActionWithFilters()
#2 /Users/Jeff/Sites/yii/framework/web/CWebApplication.php(282): ProfileController->run()
#3 /Users/Jeff/Sites/yii/framework/web/CWebApplication.php(141): CWebApplication->runController()
#4 /Users/Jeff/Sites/yii/framework/base/CApplication.php(169): CWebApplication->processRequest()
#5 /Users/Jeff/Sites/yii/geo/index.php(9): CWebApplication->run()
REQUEST_URI=/yii/geo/user/profile/edit
2013/06/13 20:47:16 [error] [php] Undefined index: User (/Users/Jeff/Sites/yii/geo/protected/modules/user/controllers/ProfileController.php:42)
Stack trace:
#0 /Users/Jeff/Sites/yii/framework/web/CController.php(286): ProfileController->runAction()
#1 /Users/Jeff/Sites/yii/framework/web/CController.php(265): ProfileController->runActionWithFilters()
#2 /Users/Jeff/Sites/yii/framework/web/CWebApplication.php(282): ProfileController->run()
#3 /Users/Jeff/Sites/yii/framework/web/CWebApplication.php(141): CWebApplication->runController()
#4 /Users/Jeff/Sites/yii/framework/base/CApplication.php(169): CWebApplication->processRequest()
#5 /Users/Jeff/Sites/yii/geo/index.php(9): CWebApplication->run()
REQUEST_URI=/yii/geo/user/profile/edit
2013/06/18 13:49:37 [error] [system.db.CDbCommand] CDbCommand::execute() failed: SQLSTATE[HY000]: General error: 1005 Can't create table 'geodev.#sql-2dcf_2e' (errno: 150). The SQL statement executed was: ALTER TABLE `geo_transit_stop` ADD CONSTRAINT `fk_transit_stop_route_id` FOREIGN KEY (`route_id`) REFERENCES `geo_transit_route` (`id`) ON DELETE CASCADE ON UPDATE CASCADE.
2013/06/18 13:51:08 [error] [system.db.CDbCommand] CDbCommand::execute() failed: SQLSTATE[42S01]: Base table or view already exists: 1050 Table 'geo_transit_stop' already exists. The SQL statement executed was: CREATE TABLE `geo_transit_stop` (
	`id` int(11) NOT NULL AUTO_INCREMENT PRIMARY KEY,
	`route_id` INTEGER DEFAULT 0,
	`place_id` INTEGER DEFAULT 0,
	`modified_at` TIMESTAMP DEFAULT CURRENT_TIMESTAMP ON UPDATE CURRENT_TIMESTAMP
) ENGINE=InnoDB CHARSET=utf8 COLLATE=utf8_unicode_ci.
2013/06/18 13:52:29 [error] [system.db.CDbCommand] CDbCommand::execute() failed: SQLSTATE[HY000]: General error: 1005 Can't create table 'geodev.#sql-2dcf_45' (errno: 150). The SQL statement executed was: ALTER TABLE `geo_transit_stop` ADD CONSTRAINT `fk_transit_stop_route_id` FOREIGN KEY (`route_id`) REFERENCES `geo_transit_route` (`id`) ON DELETE CASCADE ON UPDATE CASCADE.
2013/06/18 13:55:28 [error] [system.db.CDbCommand] CDbCommand::execute() failed: SQLSTATE[HY000]: General error: 1025 Error on rename of './geodev/geo_transit_stop' to './geodev/#sql2-2dcf-68' (errno: 152). The SQL statement executed was: ALTER TABLE `geo_transit_stop` DROP FOREIGN KEY `fk_transit_stop_route_id`.
2013/06/18 14:02:06 [error] [system.db.CDbCommand] CDbCommand::execute() failed: SQLSTATE[HY000]: General error: 1005 Can't create table 'geodev.#sql-2dcf_6d' (errno: 150). The SQL statement executed was: ALTER TABLE `geo_transit_stop` ADD CONSTRAINT `fk_transit_stop_route_id` FOREIGN KEY (`route_id`) REFERENCES `geo_transit_route` (`id`) ON DELETE CASCADE ON UPDATE CASCADE.
2013/06/18 14:03:23 [error] [system.db.CDbCommand] CDbCommand::execute() failed: SQLSTATE[HY000]: General error: 1005 Can't create table 'geodev.#sql-2dcf_73' (errno: 150). The SQL statement executed was: ALTER TABLE `geo_transit_stop` ADD CONSTRAINT `fk_transit_stop_route_id` FOREIGN KEY (`route_id`) REFERENCES `geo_transit_route` (`id`) ON DELETE CASCADE ON UPDATE CASCADE.
2013/06/18 14:04:15 [error] [system.db.CDbCommand] CDbCommand::execute() failed: SQLSTATE[42S01]: Base table or view already exists: 1050 Table 'geo_transit_stop' already exists. The SQL statement executed was: CREATE TABLE `geo_transit_stop` (
	`id` int(11) NOT NULL AUTO_INCREMENT PRIMARY KEY,
	`route_id` INTEGER DEFAULT 0,
	`place_id` INTEGER DEFAULT 0,
	`modified_at` TIMESTAMP DEFAULT CURRENT_TIMESTAMP ON UPDATE CURRENT_TIMESTAMP
) ENGINE=InnoDB CHARSET=utf8 COLLATE=utf8_unicode_ci.
2013/06/18 14:06:46 [error] [system.db.CDbCommand] CDbCommand::execute() failed: SQLSTATE[42S01]: Base table or view already exists: 1050 Table 'geo_transit_stop' already exists. The SQL statement executed was: CREATE TABLE `geo_transit_stop` (
	`id` int(11) NOT NULL AUTO_INCREMENT PRIMARY KEY,
	`route_id` INTEGER DEFAULT 0,
	`place_id` INTEGER DEFAULT 0,
	`modified_at` TIMESTAMP DEFAULT CURRENT_TIMESTAMP ON UPDATE CURRENT_TIMESTAMP
) ENGINE=InnoDB CHARSET=utf8 COLLATE=utf8_unicode_ci.
2013/06/18 14:08:55 [error] [system.db.CDbCommand] CDbCommand::execute() failed: SQLSTATE[HY000]: General error: 1005 Can't create table 'geodev.#sql-2dcf_ab' (errno: 150). The SQL statement executed was: ALTER TABLE `geo_transit_stop` ADD CONSTRAINT `fk_transit_stop_route_id` FOREIGN KEY (`route_id`) REFERENCES `geo_transit_route` (`id`) ON DELETE CASCADE ON UPDATE CASCADE.
2013/06/18 14:18:34 [error] [system.db.CDbCommand] CDbCommand::execute() failed: SQLSTATE[HY000]: General error: 1005 Can't create table 'geodev.#sql-2dcf_ce' (errno: 150). The SQL statement executed was: ALTER TABLE `geo_transit_stop` ADD CONSTRAINT `fk_transit_stop_route_id` FOREIGN KEY (`route_id`) REFERENCES `geo_transit_route` (`id`) ON DELETE CASCADE ON UPDATE CASCADE.
2013/06/18 14:19:17 [error] [system.db.CDbCommand] CDbCommand::execute() failed: SQLSTATE[42S01]: Base table or view already exists: 1050 Table 'geo_transit_stop' already exists. The SQL statement executed was: CREATE TABLE `geo_transit_stop` (
	`id` int(11) NOT NULL AUTO_INCREMENT PRIMARY KEY,
	`route_id` INTEGER DEFAULT 0,
	`place_id` INTEGER DEFAULT 0,
	`modified_at` TIMESTAMP DEFAULT CURRENT_TIMESTAMP ON UPDATE CURRENT_TIMESTAMP
) ENGINE=InnoDB CHARSET=utf8 COLLATE=utf8_unicode_ci.
2013/07/24 10:24:26 [error] [php] require_once(/Users/Jeff/Sites/listapp/app/protected/migrations/m130617_003830_add_pushover_fields_to_profile.php): failed to open stream: No such file or directory (/Users/Jeff/Sites/listapp/framework/cli/commands/MigrateCommand.php:432)
Stack trace:
#0 /Users/Jeff/Sites/listapp/framework/cli/commands/MigrateCommand.php(149): MigrateCommand->migrateDown()
#1 unknown(0): MigrateCommand->actionDown()
#2 /Users/Jeff/Sites/listapp/framework/console/CConsoleCommand.php(172): ReflectionMethod->invokeArgs()
#3 /Users/Jeff/Sites/listapp/framework/console/CConsoleCommandRunner.php(67): MigrateCommand->run()
#4 /Users/Jeff/Sites/listapp/framework/console/CConsoleApplication.php(91): CConsoleCommandRunner->run()
#5 /Users/Jeff/Sites/listapp/framework/base/CApplication.php(169): CConsoleApplication->processRequest()
#6 /Users/Jeff/Sites/listapp/framework/yiic.php(33): CConsoleApplication->run()
#7 /Users/Jeff/Sites/listapp/app/protected/yiic.php(7): require_once()
#8 /Users/Jeff/Sites/listapp/app/protected/yiic(4): require_once()

2013/07/24 10:25:52 [error] [system.db.CDbCommand] CDbCommand::fetchAll() failed: SQLSTATE[42S02]: Base table or view not found: 1146 Table 'listapp.geo_migration' doesn't exist. The SQL statement executed was: SHOW FULL COLUMNS FROM `geo_migration`.
2013/07/24 10:37:56 [error] [system.db.CDbCommand] CDbCommand::execute() failed: SQLSTATE[42000]: Syntax error or access violation: 1091 Can't DROP 'mg_list_id'; check that column/key exists. The SQL statement executed was: DROP INDEX `mg_list_id` ON `geo_mglist`.
2013/07/24 13:45:49 [error] [system.db.CDbCommand] CDbCommand::execute() failed: SQLSTATE[42000]: Syntax error or access violation: 1064 You have an error in your SQL syntax; check the manual that corresponds to your MySQL server version for the right syntax to use near '
	`created_at` DATETIME NOT NULL DEFAULT 0,
	`modified_at` TIMESTAMP DEFAULT CUR' at line 6. The SQL statement executed was: CREATE TABLE `la_mglist` (
	`id` int(11) NOT NULL AUTO_INCREMENT PRIMARY KEY,
	`address` varchar(255) NOT NULL,
	`name` varchar(255) NOT NULL,
	`description` text,
	`access_level` varchar(255) NOT NULL DEFAULT,
	`created_at` DATETIME NOT NULL DEFAULT 0,
	`modified_at` TIMESTAMP DEFAULT CURRENT_TIMESTAMP ON UPDATE CURRENT_TIMESTAMP
) ENGINE=InnoDB CHARSET=utf8 COLLATE=utf8_unicode_ci.
2015/07/25 19:13:39 [error] [exception.CDbException] exception 'CDbException' with message 'CDbConnection failed to open the DB connection: SQLSTATE[HY000] [2002] No such file or directory' in /var/www/html/listapp/framework/db/CDbConnection.php:381
Stack trace:
#0 /var/www/html/listapp/framework/db/CDbConnection.php(330): CDbConnection->open()
#1 /var/www/html/listapp/framework/db/CDbConnection.php(308): CDbConnection->setActive(true)
#2 /var/www/html/listapp/framework/base/CModule.php(387): CDbConnection->init()
#3 /var/www/html/listapp/framework/base/CApplication.php(438): CModule->getComponent('db')
#4 /var/www/html/listapp/framework/cli/commands/MigrateCommand.php(69): CApplication->getDb()
#5 /var/www/html/listapp/framework/console/CConsoleCommand.php(170): MigrateCommand->beforeAction('up', Array)
#6 /var/www/html/listapp/framework/console/CConsoleCommandRunner.php(67): CConsoleCommand->run(Array)
#7 /var/www/html/listapp/framework/console/CConsoleApplication.php(91): CConsoleCommandRunner->run(Array)
#8 /var/www/html/listapp/framework/base/CApplication.php(169): CConsoleApplication->processRequest()
#9 /var/www/html/listapp/framework/yiic.php(33): CApplication->run()
#10 /var/www/html/listapp/app/protected/yiic.php(7): require_once('/var/www/html/l...')
#11 /var/www/html/listapp/app/protected/yiic(4): require_once('/var/www/html/l...')
#12 {main}
---
2015/07/25 19:14:28 [error] [exception.CDbException] exception 'CDbException' with message 'CDbConnection failed to open the DB connection: SQLSTATE[HY000] [2002] No such file or directory' in /var/www/html/listapp/framework/db/CDbConnection.php:381
Stack trace:
#0 /var/www/html/listapp/framework/db/CDbConnection.php(330): CDbConnection->open()
#1 /var/www/html/listapp/framework/db/CDbConnection.php(308): CDbConnection->setActive(true)
#2 /var/www/html/listapp/framework/base/CModule.php(387): CDbConnection->init()
#3 /var/www/html/listapp/framework/base/CApplication.php(438): CModule->getComponent('db')
#4 /var/www/html/listapp/framework/cli/commands/MigrateCommand.php(69): CApplication->getDb()
#5 /var/www/html/listapp/framework/console/CConsoleCommand.php(170): MigrateCommand->beforeAction('up', Array)
#6 /var/www/html/listapp/framework/console/CConsoleCommandRunner.php(67): CConsoleCommand->run(Array)
#7 /var/www/html/listapp/framework/console/CConsoleApplication.php(91): CConsoleCommandRunner->run(Array)
#8 /var/www/html/listapp/framework/base/CApplication.php(169): CConsoleApplication->processRequest()
#9 /var/www/html/listapp/framework/yiic.php(33): CApplication->run()
#10 /var/www/html/listapp/app/protected/yiic.php(7): require_once('/var/www/html/l...')
#11 /var/www/html/listapp/app/protected/yiic(4): require_once('/var/www/html/l...')
#12 {main}
---
2015/07/25 19:14:31 [error] [exception.CDbException] exception 'CDbException' with message 'CDbConnection failed to open the DB connection: SQLSTATE[HY000] [2002] No such file or directory' in /var/www/html/listapp/framework/db/CDbConnection.php:381
Stack trace:
#0 /var/www/html/listapp/framework/db/CDbConnection.php(330): CDbConnection->open()
#1 /var/www/html/listapp/framework/db/CDbConnection.php(308): CDbConnection->setActive(true)
#2 /var/www/html/listapp/framework/base/CModule.php(387): CDbConnection->init()
#3 /var/www/html/listapp/framework/base/CApplication.php(438): CModule->getComponent('db')
#4 /var/www/html/listapp/framework/cli/commands/MigrateCommand.php(69): CApplication->getDb()
#5 /var/www/html/listapp/framework/console/CConsoleCommand.php(170): MigrateCommand->beforeAction('up', Array)
#6 /var/www/html/listapp/framework/console/CConsoleCommandRunner.php(67): CConsoleCommand->run(Array)
#7 /var/www/html/listapp/framework/console/CConsoleApplication.php(91): CConsoleCommandRunner->run(Array)
#8 /var/www/html/listapp/framework/base/CApplication.php(169): CConsoleApplication->processRequest()
#9 /var/www/html/listapp/framework/yiic.php(33): CApplication->run()
#10 /var/www/html/listapp/app/protected/yiic.php(7): require_once('/var/www/html/l...')
#11 /var/www/html/listapp/app/protected/yiic(4): require_once('/var/www/html/l...')
#12 {main}
---
2015/07/25 19:16:13 [error] [exception.CDbException] exception 'CDbException' with message 'CDbConnection failed to open the DB connection: SQLSTATE[HY000] [1045] Access denied for user 'root'@'localhost' (using password: YES)' in /var/www/html/listapp/framework/db/CDbConnection.php:381
Stack trace:
#0 /var/www/html/listapp/framework/db/CDbConnection.php(330): CDbConnection->open()
#1 /var/www/html/listapp/framework/db/CDbConnection.php(308): CDbConnection->setActive(true)
#2 /var/www/html/listapp/framework/base/CModule.php(387): CDbConnection->init()
#3 /var/www/html/listapp/framework/base/CApplication.php(438): CModule->getComponent('db')
#4 /var/www/html/listapp/framework/cli/commands/MigrateCommand.php(69): CApplication->getDb()
#5 /var/www/html/listapp/framework/console/CConsoleCommand.php(170): MigrateCommand->beforeAction('up', Array)
#6 /var/www/html/listapp/framework/console/CConsoleCommandRunner.php(67): CConsoleCommand->run(Array)
#7 /var/www/html/listapp/framework/console/CConsoleApplication.php(91): CConsoleCommandRunner->run(Array)
#8 /var/www/html/listapp/framework/base/CApplication.php(169): CConsoleApplication->processRequest()
#9 /var/www/html/listapp/framework/yiic.php(33): CApplication->run()
#10 /var/www/html/listapp/app/protected/yiic.php(7): require_once('/var/www/html/l...')
#11 /var/www/html/listapp/app/protected/yiic(4): require_once('/var/www/html/l...')
#12 {main}
---
2015/07/25 19:22:05 [error] [exception.CDbException] exception 'CDbException' with message 'CDbConnection failed to open the DB connection: SQLSTATE[HY000] [1045] Access denied for user 'newuser'@'localhost' (using password: YES)' in /var/www/html/listapp/framework/db/CDbConnection.php:381
Stack trace:
#0 /var/www/html/listapp/framework/db/CDbConnection.php(330): CDbConnection->open()
#1 /var/www/html/listapp/framework/db/CDbConnection.php(308): CDbConnection->setActive(true)
#2 /var/www/html/listapp/framework/base/CModule.php(387): CDbConnection->init()
#3 /var/www/html/listapp/framework/base/CApplication.php(438): CModule->getComponent('db')
#4 /var/www/html/listapp/framework/cli/commands/MigrateCommand.php(69): CApplication->getDb()
#5 /var/www/html/listapp/framework/console/CConsoleCommand.php(170): MigrateCommand->beforeAction('up', Array)
#6 /var/www/html/listapp/framework/console/CConsoleCommandRunner.php(67): CConsoleCommand->run(Array)
#7 /var/www/html/listapp/framework/console/CConsoleApplication.php(91): CConsoleCommandRunner->run(Array)
#8 /var/www/html/listapp/framework/base/CApplication.php(169): CConsoleApplication->processRequest()
#9 /var/www/html/listapp/framework/yiic.php(33): CApplication->run()
#10 /var/www/html/listapp/app/protected/yiic.php(7): require_once('/var/www/html/l...')
#11 /var/www/html/listapp/app/protected/yiic(4): require_once('/var/www/html/l...')
#12 {main}
---
2015/07/25 19:23:52 [error] [exception.CDbException] exception 'CDbException' with message 'CDbConnection failed to open the DB connection: SQLSTATE[HY000] [1045] Access denied for user 'newuser'@'localhost' (using password: YES)' in /var/www/html/listapp/framework/db/CDbConnection.php:381
Stack trace:
#0 /var/www/html/listapp/framework/db/CDbConnection.php(330): CDbConnection->open()
#1 /var/www/html/listapp/framework/db/CDbConnection.php(308): CDbConnection->setActive(true)
#2 /var/www/html/listapp/framework/base/CModule.php(387): CDbConnection->init()
#3 /var/www/html/listapp/framework/base/CApplication.php(438): CModule->getComponent('db')
#4 /var/www/html/listapp/framework/cli/commands/MigrateCommand.php(69): CApplication->getDb()
#5 /var/www/html/listapp/framework/console/CConsoleCommand.php(170): MigrateCommand->beforeAction('up', Array)
#6 /var/www/html/listapp/framework/console/CConsoleCommandRunner.php(67): CConsoleCommand->run(Array)
#7 /var/www/html/listapp/framework/console/CConsoleApplication.php(91): CConsoleCommandRunner->run(Array)
#8 /var/www/html/listapp/framework/base/CApplication.php(169): CConsoleApplication->processRequest()
#9 /var/www/html/listapp/framework/yiic.php(33): CApplication->run()
#10 /var/www/html/listapp/app/protected/yiic.php(7): require_once('/var/www/html/l...')
#11 /var/www/html/listapp/app/protected/yiic(4): require_once('/var/www/html/l...')
#12 {main}
---
2015/07/25 19:24:37 [error] [system.db.CDbCommand] CDbCommand::fetchAll() failed: SQLSTATE[42S02]: Base table or view not found: 1146 Table 'listapp.la_migration' doesn't exist. The SQL statement executed was: SHOW FULL COLUMNS FROM `la_migration`.
2015/07/25 19:24:43 [error] [php] date(): It is not safe to rely on the system's timezone settings. You are *required* to use the date.timezone setting or the date_default_timezone_set() function. In case you used any of those methods and you are still getting this warning, you most likely misspelled the timezone identifier. We selected the timezone 'UTC' for now, but please set date.timezone to select your timezone. (/var/www/html/listapp/app/protected/modules/user/models/User.php:63)
Stack trace:
#0 /var/www/html/listapp/framework/base/CModel.php(260): User->createValidators()
#1 /var/www/html/listapp/framework/base/CModel.php(158): User->getValidators()
#2 /var/www/html/listapp/app/protected/migrations/m110805_153437_installYiiUser.php(202): User->validate()
#3 /var/www/html/listapp/app/protected/migrations/m110805_153437_installYiiUser.php(112): m110805_153437_installYiiUser->readStdinUser()
#4 /var/www/html/listapp/framework/db/CDbMigration.php(50): m110805_153437_installYiiUser->safeUp()
#5 /var/www/html/listapp/framework/cli/commands/MigrateCommand.php(389): m110805_153437_installYiiUser->up()
#6 /var/www/html/listapp/framework/cli/commands/MigrateCommand.php(113): MigrateCommand->migrateUp()
#7 unknown(0): MigrateCommand->actionUp()
#8 /var/www/html/listapp/framework/console/CConsoleCommand.php(172): ReflectionMethod->invokeArgs()
#9 /var/www/html/listapp/framework/console/CConsoleCommandRunner.php(67): MigrateCommand->run()
#10 /var/www/html/listapp/framework/console/CConsoleApplication.php(91): CConsoleCommandRunner->run()
#11 /var/www/html/listapp/framework/base/CApplication.php(169): CConsoleApplication->processRequest()
#12 /var/www/html/listapp/framework/yiic.php(33): CConsoleApplication->run()
#13 /var/www/html/listapp/app/protected/yiic.php(7): require_once()
#14 /var/www/html/listapp/app/protected/yiic(4): require_once()

2015/07/25 19:25:28 [error] [system.db.CDbCommand] CDbCommand::execute() failed: SQLSTATE[42S01]: Base table or view already exists: 1050 Table 'la_users' already exists. The SQL statement executed was: CREATE TABLE `la_users` (
	`id` int(11) NOT NULL AUTO_INCREMENT PRIMARY KEY,
	`username` varchar(128) NOT NULL DEFAULT '',
	`password` varchar(128) NOT NULL DEFAULT '',
	`email` varchar(128) NOT NULL DEFAULT '',
	`activkey` varchar(128) NOT NULL DEFAULT '',
	`createtime` int(10) NOT NULL DEFAULT 0,
	`lastvisit` int(10) NOT NULL DEFAULT 0,
	`superuser` int(1) NOT NULL DEFAULT 0,
	`status` int(1) NOT NULL DEFAULT 0
) ENGINE=InnoDB CHARSET=utf8.
2015/07/25 19:25:58 [error] [system.db.CDbCommand] CDbCommand::fetchAll() failed: SQLSTATE[42S02]: Base table or view not found: 1146 Table 'listapp.la_migration' doesn't exist. The SQL statement executed was: SHOW FULL COLUMNS FROM `la_migration`.
2015/07/25 20:34:40 [error] [php] Undefined variable: member_id (/var/www/html/listapp/app/protected/models/Mglist.php:137)
Stack trace:
#0 /var/www/html/listapp/framework/web/actions/CInlineAction.php(49): MglistController->actionSyncAll()
#1 /var/www/html/listapp/framework/web/CController.php(308): CInlineAction->runWithParams()
#2 /var/www/html/listapp/framework/web/filters/CFilterChain.php(133): MglistController->runAction()
#3 /var/www/html/listapp/framework/web/filters/CFilter.php(40): CFilterChain->run()
#4 /var/www/html/listapp/framework/web/CController.php(1149): CAccessControlFilter->filter()
#5 /var/www/html/listapp/framework/web/filters/CInlineFilter.php(58): MglistController->filterAccessControl()
#6 /var/www/html/listapp/framework/web/filters/CFilterChain.php(130): CInlineFilter->filter()
#7 /var/www/html/listapp/framework/web/CController.php(291): CFilterChain->run()
#8 /var/www/html/listapp/framework/web/CController.php(265): MglistController->runActionWithFilters()
#9 /var/www/html/listapp/framework/web/CWebApplication.php(282): MglistController->run()
#10 /var/www/html/listapp/framework/web/CWebApplication.php(141): CWebApplication->runController()
#11 /var/www/html/listapp/framework/base/CApplication.php(169): CWebApplication->processRequest()
#12 /var/www/html/listapp/app/index.php(6): CWebApplication->run()
REQUEST_URI=/listapp/app/mglist/syncAll
2015/07/25 20:34:44 [error] [php] Undefined variable: member_id (/var/www/html/listapp/app/protected/models/Mglist.php:137)
Stack trace:
#0 /var/www/html/listapp/framework/web/actions/CInlineAction.php(49): MglistController->actionSyncAll()
#1 /var/www/html/listapp/framework/web/CController.php(308): CInlineAction->runWithParams()
#2 /var/www/html/listapp/framework/web/filters/CFilterChain.php(133): MglistController->runAction()
#3 /var/www/html/listapp/framework/web/filters/CFilter.php(40): CFilterChain->run()
#4 /var/www/html/listapp/framework/web/CController.php(1149): CAccessControlFilter->filter()
#5 /var/www/html/listapp/framework/web/filters/CInlineFilter.php(58): MglistController->filterAccessControl()
#6 /var/www/html/listapp/framework/web/filters/CFilterChain.php(130): CInlineFilter->filter()
#7 /var/www/html/listapp/framework/web/CController.php(291): CFilterChain->run()
#8 /var/www/html/listapp/framework/web/CController.php(265): MglistController->runActionWithFilters()
#9 /var/www/html/listapp/framework/web/CWebApplication.php(282): MglistController->run()
#10 /var/www/html/listapp/framework/web/CWebApplication.php(141): CWebApplication->runController()
#11 /var/www/html/listapp/framework/base/CApplication.php(169): CWebApplication->processRequest()
#12 /var/www/html/listapp/app/index.php(6): CWebApplication->run()
REQUEST_URI=/listapp/app/mglist/syncAll
2015/07/25 20:35:37 [error] [system.db.CDbCommand] CDbCommand::execute() failed: SQLSTATE[42S22]: Column not found: 1054 Unknown column 'mglist_id' in 'where clause'. The SQL statement executed was: DELETE FROM `la_mglist` WHERE mglist_id=:mglist_id.
2015/07/25 20:35:37 [error] [exception.CDbException] exception 'CDbException' with message 'CDbCommand failed to execute the SQL statement: SQLSTATE[42S22]: Column not found: 1054 Unknown column 'mglist_id' in 'where clause'' in /var/www/html/listapp/framework/db/CDbCommand.php:357
Stack trace:
#0 /var/www/html/listapp/framework/db/ar/CActiveRecord.php(1761): CDbCommand->execute()
#1 /var/www/html/listapp/app/protected/models/Mglist.php(137): CActiveRecord->deleteAll('mglist_id=:mgli...', Array)
#2 /var/www/html/listapp/app/protected/models/Mglist.php(123): Mglist->syncListMembers('1', true)
#3 /var/www/html/listapp/app/protected/controllers/MglistController.php(51): Mglist->sync()
#4 /var/www/html/listapp/framework/web/actions/CInlineAction.php(49): MglistController->actionSyncAll()
#5 /var/www/html/listapp/framework/web/CController.php(308): CInlineAction->runWithParams(Array)
#6 /var/www/html/listapp/framework/web/filters/CFilterChain.php(133): CController->runAction(Object(CInlineAction))
#7 /var/www/html/listapp/framework/web/filters/CFilter.php(40): CFilterChain->run()
#8 /var/www/html/listapp/framework/web/CController.php(1149): CFilter->filter(Object(CFilterChain))
#9 /var/www/html/listapp/framework/web/filters/CInlineFilter.php(58): CController->filterAccessControl(Object(CFilterChain))
#10 /var/www/html/listapp/framework/web/filters/CFilterChain.php(130): CInlineFilter->filter(Object(CFilterChain))
#11 /var/www/html/listapp/framework/web/CController.php(291): CFilterChain->run()
#12 /var/www/html/listapp/framework/web/CController.php(265): CController->runActionWithFilters(Object(CInlineAction), Array)
#13 /var/www/html/listapp/framework/web/CWebApplication.php(282): CController->run('syncall')
#14 /var/www/html/listapp/framework/web/CWebApplication.php(141): CWebApplication->runController('mglist/syncAll')
#15 /var/www/html/listapp/framework/base/CApplication.php(169): CWebApplication->processRequest()
#16 /var/www/html/listapp/app/index.php(6): CApplication->run()
#17 {main}
REQUEST_URI=/listapp/app/mglist/syncAll
HTTP_REFERER=http://127.0.0.1/listapp/app/mglist/syncAll
---
